<?xml version="1.0" encoding="UTF-8"?>
<!-- Generated by org.testng.reporters.JUnitReportReporter -->
<testsuite skipped="0" hostname="SM-PC" name="com.crm.qa.testcases.LoginPageTest" tests="3" failures="0" timestamp="27 Feb 2018 04:35:28 GMT" time="160.894" errors="0">
  <testcase name="verifyLoginPageTitleTest" time="40.265" classname="com.crm.qa.testcases.LoginPageTest"/>
  <testcase name="verifyCRMLogoTest" time="20.520" classname="com.crm.qa.testcases.LoginPageTest"/>
  <testcase name="loginTest" time="100.109" classname="com.crm.qa.testcases.LoginPageTest"/>
</testsuite> <!-- com.crm.qa.testcases.LoginPageTest -->
