<?xml version="1.0" encoding="UTF-8"?>
<!-- Generated by org.testng.reporters.JUnitReportReporter -->
<testsuite skipped="0" hostname="SM-PC" name="com.crm.qa.testcases.LoginPageTest" tests="1" failures="0" timestamp="17 Mar 2018 04:07:38 GMT" time="29.333" errors="0">
  <testcase name="verifyLoginPageTitleTest" time="29.333" classname="com.crm.qa.testcases.LoginPageTest"/>
</testsuite> <!-- com.crm.qa.testcases.LoginPageTest -->
